<?xml version="1.0" encoding="UTF-8"?>
<testsuite xmlns:xsi="http://www.w3.org/2001/XMLSchema-instance" xsi:noNamespaceSchemaLocation="https://maven.apache.org/surefire/maven-surefire-plugin/xsd/surefire-test-report.xsd" version="3.0.2" name="TestSuite" time="48.74" tests="6" errors="0" skipped="0" failures="0">
  <properties>
[...]
</properties>
  <testcase name="perform" classname="test.Search_test" time="1.956">
    <system-out><![CDATA[17:19:16.744 [main] DEBUG org.testng.TestNG -- suiteXmlPath: "C:\Users\SUMEET GAIKWAD\eclipse-workspace\E-commerce\testng.xml"
17:19:17.545 [TestNG-tests-1] INFO org.apache.sshd.common.util.security.bouncycastle.BouncyCastleSecurityProviderRegistrar -- getOrCreateProvider(BC) created instance of org.bouncycastle.jce.provider.BouncyCastleProvider
17:19:17.550 [TestNG-tests-1] INFO org.apache.sshd.common.util.security.eddsa.EdDSASecurityProviderRegistrar -- getOrCreateProvider(EdDSA) created instance of net.i2p.crypto.eddsa.EdDSASecurityProvider
17:19:18.253 [TestNG-tests-1] INFO org.apache.sshd.common.io.DefaultIoServiceFactoryFactory -- No detected/configured IoServiceFactoryFactory; using Nio2ServiceFactoryFactory
17:19:18.282 [TestNG-tests-1] DEBUG io.github.bonigarcia.wdm.WebDriverManager -- Using WebDriverManager 5.9.2
17:19:18.615 [TestNG-tests-1] DEBUG io.github.bonigarcia.wdm.cache.ResolutionCache -- Resolution chrome=143 in cache (valid until 17:30:19 22/01/2026 IST)
17:19:18.617 [TestNG-tests-1] DEBUG io.github.bonigarcia.wdm.cache.ResolutionCache -- Resolution chrome143=143.0.7499.192 in cache (valid until 11:21:48 23/01/2026 IST)
17:19:18.618 [TestNG-tests-1] INFO io.github.bonigarcia.wdm.WebDriverManager -- Using chromedriver 143.0.7499.192 (resolved driver for Chrome 143)
17:19:18.640 [TestNG-tests-1] DEBUG io.github.bonigarcia.wdm.WebDriverManager -- Driver chromedriver 143.0.7499.192 found in cache
17:19:18.640 [TestNG-tests-1] INFO io.github.bonigarcia.wdm.WebDriverManager -- Exporting webdriver.chrome.driver as C:\Users\SUMEET GAIKWAD\.cache\selenium\chromedriver\win64\143.0.7499.192\chromedriver.exe
product name is [[EdgeDriver: MicrosoftEdge on windows (e22710bec076c12d1516203f319cbc56)] -> xpath: //div[@class='product']]
]]></system-out>
    <system-err><![CDATA[Jan 22, 2026 5:19:18 PM org.openqa.selenium.devtools.CdpVersionFinder findNearestMatch
WARNING: Unable to find CDP implementation matching 144
Jan 22, 2026 5:19:18 PM org.openqa.selenium.chromium.ChromiumDriver lambda$new$5
WARNING: Unable to find version of CDP to use for 144.0.3719.82. You may need to include a dependency on a specific version of the CDP using something similar to `org.seleniumhq.selenium:selenium-devtools-v86:4.27.0` where the version ("v86") matches the version of the chromium-based browser you're using and the version number of the artifact is the same as Selenium's.
Jan 22, 2026 5:19:19 PM org.openqa.selenium.devtools.CdpVersionFinder findNearestMatch
WARNING: Unable to find CDP implementation matching 143
Jan 22, 2026 5:19:19 PM org.openqa.selenium.chromium.ChromiumDriver lambda$new$5
WARNING: Unable to find version of CDP to use for 143.0.7499.193. You may need to include a dependency on a specific version of the CDP using something similar to `org.seleniumhq.selenium:selenium-devtools-v86:4.27.0` where the version ("v86") matches the version of the chromium-based browser you're using and the version number of the artifact is the same as Selenium's.
]]></system-err>
  </testcase>
  <testcase name="perform" classname="test.Search_test" time="0.358">
    <system-out><![CDATA[product name is [[ChromeDriver: chrome on windows (9feb670a5b266b0b9017c01d52490b19)] -> xpath: //div[@class='product']]
]]></system-out>
    <system-err><![CDATA[Jan 22, 2026 5:19:21 PM org.openqa.selenium.devtools.CdpVersionFinder findNearestMatch
WARNING: Unable to find CDP implementation matching 144
Jan 22, 2026 5:19:21 PM org.openqa.selenium.chromium.ChromiumDriver lambda$new$5
WARNING: Unable to find version of CDP to use for 144.0.3719.82. You may need to include a dependency on a specific version of the CDP using something similar to `org.seleniumhq.selenium:selenium-devtools-v86:4.27.0` where the version ("v86") matches the version of the chromium-based browser you're using and the version number of the artifact is the same as Selenium's.
]]></system-err>
  </testcase>
  <testcase name="perform" classname="test.Landipage_test" time="21.761">
    <system-out><![CDATA[17:19:23.516 [TestNG-tests-1] DEBUG io.github.bonigarcia.wdm.WebDriverManager -- Using WebDriverManager 5.9.2
17:19:23.544 [TestNG-tests-1] DEBUG io.github.bonigarcia.wdm.cache.ResolutionCache -- Resolution chrome=143 in cache (valid until 17:30:19 22/01/2026 IST)
17:19:23.550 [TestNG-tests-1] DEBUG io.github.bonigarcia.wdm.cache.ResolutionCache -- Resolution chrome143=143.0.7499.192 in cache (valid until 11:21:48 23/01/2026 IST)
17:19:23.550 [TestNG-tests-1] INFO io.github.bonigarcia.wdm.WebDriverManager -- Using chromedriver 143.0.7499.192 (resolved driver for Chrome 143)
17:19:23.568 [TestNG-tests-1] DEBUG io.github.bonigarcia.wdm.WebDriverManager -- Driver chromedriver 143.0.7499.192 found in cache
17:19:23.570 [TestNG-tests-1] INFO io.github.bonigarcia.wdm.WebDriverManager -- Exporting webdriver.chrome.driver as C:\Users\SUMEET GAIKWAD\.cache\selenium\chromedriver\win64\143.0.7499.192\chromedriver.exe
]]></system-out>
    <system-err><![CDATA[Jan 22, 2026 5:19:24 PM org.openqa.selenium.devtools.CdpVersionFinder findNearestMatch
WARNING: Unable to find CDP implementation matching 143
Jan 22, 2026 5:19:24 PM org.openqa.selenium.chromium.ChromiumDriver lambda$new$5
WARNING: Unable to find version of CDP to use for 143.0.7499.193. You may need to include a dependency on a specific version of the CDP using something similar to `org.seleniumhq.selenium:selenium-devtools-v86:4.27.0` where the version ("v86") matches the version of the chromium-based browser you're using and the version number of the artifact is the same as Selenium's.
]]></system-err>
  </testcase>
  <testcase name="perform" classname="test.Landipage_test" time="0.005">
    <system-err><![CDATA[Jan 22, 2026 5:19:51 PM org.openqa.selenium.devtools.CdpVersionFinder findNearestMatch
WARNING: Unable to find CDP implementation matching 144
Jan 22, 2026 5:19:51 PM org.openqa.selenium.chromium.ChromiumDriver lambda$new$5
WARNING: Unable to find version of CDP to use for 144.0.3719.82. You may need to include a dependency on a specific version of the CDP using something similar to `org.seleniumhq.selenium:selenium-devtools-v86:4.27.0` where the version ("v86") matches the version of the chromium-based browser you're using and the version number of the artifact is the same as Selenium's.
]]></system-err>
  </testcase>
  <testcase name="check" classname="test.Topdeal_Test" time="4.544">
    <system-out><![CDATA[17:19:53.420 [TestNG-tests-1] DEBUG io.github.bonigarcia.wdm.WebDriverManager -- Using WebDriverManager 5.9.2
17:19:53.454 [TestNG-tests-1] DEBUG io.github.bonigarcia.wdm.cache.ResolutionCache -- Resolution chrome=143 in cache (valid until 17:30:19 22/01/2026 IST)
17:19:53.455 [TestNG-tests-1] DEBUG io.github.bonigarcia.wdm.cache.ResolutionCache -- Resolution chrome143=143.0.7499.192 in cache (valid until 11:21:48 23/01/2026 IST)
17:19:53.455 [TestNG-tests-1] INFO io.github.bonigarcia.wdm.WebDriverManager -- Using chromedriver 143.0.7499.192 (resolved driver for Chrome 143)
17:19:53.475 [TestNG-tests-1] DEBUG io.github.bonigarcia.wdm.WebDriverManager -- Driver chromedriver 143.0.7499.192 found in cache
17:19:53.476 [TestNG-tests-1] INFO io.github.bonigarcia.wdm.WebDriverManager -- Exporting webdriver.chrome.driver as C:\Users\SUMEET GAIKWAD\.cache\selenium\chromedriver\win64\143.0.7499.192\chromedriver.exe
Potato
34
22
[Almond, Apple, Banana, Beans, Brinjal, Carrot, Cheese, Cherry, Chocolate, Dragon fruit, Guava, Mango, Orange, Pineapple, Potato, Rice, Strawberry, Tomato, Wheat]
[Almond, Apple, Banana, Beans, Brinjal, Carrot, Cheese, Cherry, Chocolate, Dragon fruit, Guava, Mango, Orange, Pineapple, Potato, Rice, Strawberry, Tomato, Wheat]
ln
[23, 34, 34, 34, 37, 37, 37, 38, 42, 44, 56, 58, 64, 67, 67, 87, 88, 93, 93]
[23, 34, 34, 34, 37, 37, 37, 38, 42, 44, 56, 58, 64, 67, 67, 87, 88, 93, 93]
ln
Potato
34
22
[12, 12, 15, 20, 22, 23, 26, 27, 28, 34, 36, 40, 41, 44, 46, 53, 60, 77, 88]
[12, 12, 15, 20, 22, 23, 26, 27, 28, 34, 36, 40, 41, 44, 46, 53, 60, 77, 88]
]]></system-out>
    <system-err><![CDATA[Jan 22, 2026 5:19:54 PM org.openqa.selenium.devtools.CdpVersionFinder findNearestMatch
WARNING: Unable to find CDP implementation matching 143
Jan 22, 2026 5:19:54 PM org.openqa.selenium.chromium.ChromiumDriver lambda$new$5
WARNING: Unable to find version of CDP to use for 143.0.7499.193. You may need to include a dependency on a specific version of the CDP using something similar to `org.seleniumhq.selenium:selenium-devtools-v86:4.27.0` where the version ("v86") matches the version of the chromium-based browser you're using and the version number of the artifact is the same as Selenium's.
]]></system-err>
  </testcase>
  <testcase name="check" classname="test.Topdeal_Test" time="7.177">
    <system-out><![CDATA[[Almond, Apple, Banana, Beans, Brinjal, Carrot, Cheese, Cherry, Chocolate, Dragon fruit, Guava, Mango, Orange, Pineapple, Potato, Rice, Strawberry, Tomato, Wheat]
[Almond, Apple, Banana, Beans, Brinjal, Carrot, Cheese, Cherry, Chocolate, Dragon fruit, Guava, Mango, Orange, Pineapple, Potato, Rice, Strawberry, Tomato, Wheat]
ln
[23, 34, 34, 34, 37, 37, 37, 38, 42, 44, 56, 58, 64, 67, 67, 87, 88, 93, 93]
[23, 34, 34, 34, 37, 37, 37, 38, 42, 44, 56, 58, 64, 67, 67, 87, 88, 93, 93]
ln
[12, 12, 15, 20, 22, 23, 26, 27, 28, 34, 36, 40, 41, 44, 46, 53, 60, 77, 88]
[12, 12, 15, 20, 22, 23, 26, 27, 28, 34, 36, 40, 41, 44, 46, 53, 60, 77, 88]
]]></system-out>
  </testcase>
</testsuite>