<?xml version="1.0" encoding="UTF-8"?>
<testng-results ignored="0" total="6" passed="6" failed="0" skipped="0">
  <reporter-output>
  </reporter-output>
  <suite started-at="2026-01-22T17:19:17 IST" name="Suite" finished-at="2026-01-22T17:20:05 IST" duration-ms="48158">
    <groups>
    </groups>
    <test started-at="2026-01-22T17:19:17 IST" name="Test" finished-at="2026-01-22T17:20:02 IST" duration-ms="45525">
      <class name="test.Search_test">
        <test-method is-config="true" signature="setup(java.lang.String)[pri:0, instance:test.Search_test@6ca18a14]" started-at="2026-01-22T17:19:17 IST" name="setup" finished-at="2026-01-22T17:19:23 IST" duration-ms="5990" status="PASS">
          <params>
            <param index="0">
              <value>
                <![CDATA[chrome]]>
              </value>
            </param>
          </params>
          <reporter-output>
          </reporter-output>
        </test-method> <!-- setup -->
        <test-method signature="perform()[pri:0, instance:test.Search_test@6ca18a14]" started-at="2026-01-22T17:19:23 IST" name="perform" finished-at="2026-01-22T17:19:23 IST" duration-ms="355" status="PASS">
          <reporter-output>
          </reporter-output>
        </test-method> <!-- perform -->
      </class> <!-- test.Search_test -->
      <class name="test.Topdeal_Test">
        <test-method is-config="true" signature="setup(java.lang.String)[pri:0, instance:test.Topdeal_Test@6f3187b0]" started-at="2026-01-22T17:19:53 IST" name="setup" finished-at="2026-01-22T17:19:58 IST" duration-ms="4635" status="PASS">
          <params>
            <param index="0">
              <value>
                <![CDATA[chrome]]>
              </value>
            </param>
          </params>
          <reporter-output>
          </reporter-output>
        </test-method> <!-- setup -->
        <test-method signature="check()[pri:0, instance:test.Topdeal_Test@6f3187b0]" started-at="2026-01-22T17:19:58 IST" name="check" finished-at="2026-01-22T17:20:02 IST" duration-ms="4541" status="PASS">
          <reporter-output>
          </reporter-output>
        </test-method> <!-- check -->
      </class> <!-- test.Topdeal_Test -->
      <class name="test.Landipage_test">
        <test-method is-config="true" signature="setup(java.lang.String)[pri:0, instance:test.Landipage_test@6dd7b5a3]" started-at="2026-01-22T17:19:23 IST" name="setup" finished-at="2026-01-22T17:19:28 IST" duration-ms="5361" status="PASS">
          <params>
            <param index="0">
              <value>
                <![CDATA[chrome]]>
              </value>
            </param>
          </params>
          <reporter-output>
          </reporter-output>
        </test-method> <!-- setup -->
        <test-method signature="perform()[pri:0, instance:test.Landipage_test@6dd7b5a3]" started-at="2026-01-22T17:19:28 IST" name="perform" finished-at="2026-01-22T17:19:53 IST" duration-ms="24526" status="PASS">
          <reporter-output>
          </reporter-output>
        </test-method> <!-- perform -->
      </class> <!-- test.Landipage_test -->
    </test> <!-- Test -->
    <test started-at="2026-01-22T17:19:17 IST" name="Test1" finished-at="2026-01-22T17:20:05 IST" duration-ms="48157">
      <class name="test.Search_test">
        <test-method is-config="true" signature="setup(java.lang.String)[pri:0, instance:test.Search_test@e3c0e40]" started-at="2026-01-22T17:19:17 IST" name="setup" finished-at="2026-01-22T17:19:18 IST" duration-ms="1606" status="PASS">
          <params>
            <param index="0">
              <value>
                <![CDATA[edge]]>
              </value>
            </param>
          </params>
          <reporter-output>
          </reporter-output>
        </test-method> <!-- setup -->
        <test-method signature="perform()[pri:0, instance:test.Search_test@e3c0e40]" started-at="2026-01-22T17:19:18 IST" name="perform" finished-at="2026-01-22T17:19:20 IST" duration-ms="1924" status="PASS">
          <reporter-output>
          </reporter-output>
        </test-method> <!-- perform -->
      </class> <!-- test.Search_test -->
      <class name="test.Topdeal_Test">
        <test-method is-config="true" signature="setup(java.lang.String)[pri:0, instance:test.Topdeal_Test@7354b8c5]" started-at="2026-01-22T17:19:50 IST" name="setup" finished-at="2026-01-22T17:19:53 IST" duration-ms="2751" status="PASS">
          <params>
            <param index="0">
              <value>
                <![CDATA[edge]]>
              </value>
            </param>
          </params>
          <reporter-output>
          </reporter-output>
        </test-method> <!-- setup -->
        <test-method signature="check()[pri:0, instance:test.Topdeal_Test@7354b8c5]" started-at="2026-01-22T17:19:53 IST" name="check" finished-at="2026-01-22T17:20:05 IST" duration-ms="11824" status="PASS">
          <reporter-output>
          </reporter-output>
        </test-method> <!-- check -->
      </class> <!-- test.Topdeal_Test -->
      <class name="test.Landipage_test">
        <test-method is-config="true" signature="setup(java.lang.String)[pri:0, instance:test.Landipage_test@329dbdbf]" started-at="2026-01-22T17:19:20 IST" name="setup" finished-at="2026-01-22T17:19:23 IST" duration-ms="3241" status="PASS">
          <params>
            <param index="0">
              <value>
                <![CDATA[edge]]>
              </value>
            </param>
          </params>
          <reporter-output>
          </reporter-output>
        </test-method> <!-- setup -->
        <test-method signature="perform()[pri:0, instance:test.Landipage_test@329dbdbf]" started-at="2026-01-22T17:19:23 IST" name="perform" finished-at="2026-01-22T17:19:50 IST" duration-ms="26652" status="PASS">
          <reporter-output>
          </reporter-output>
        </test-method> <!-- perform -->
      </class> <!-- test.Landipage_test -->
    </test> <!-- Test1 -->
  </suite> <!-- Suite -->
</testng-results>
