<?xml version="1.0" encoding="UTF-8"?>
<testng-results ignored="0" total="6" passed="6" failed="0" skipped="0">
  <reporter-output>
  </reporter-output>
  <suite started-at="2026-01-22T17:13:19 IST" name="Suite" finished-at="2026-01-22T17:13:59 IST" duration-ms="39679">
    <groups>
    </groups>
    <test started-at="2026-01-22T17:13:19 IST" name="Test1" finished-at="2026-01-22T17:13:56 IST" duration-ms="36974">
      <class name="test.Search_test">
        <test-method is-config="true" signature="setup(java.lang.String)[pri:0, instance:test.Search_test@19e4fcac]" started-at="2026-01-22T17:13:19 IST" name="setup" finished-at="2026-01-22T17:13:22 IST" duration-ms="3434" status="PASS">
          <params>
            <param index="0">
              <value>
                <![CDATA[edge]]>
              </value>
            </param>
          </params>
          <reporter-output>
          </reporter-output>
        </test-method> <!-- setup -->
        <test-method signature="perform()[pri:0, instance:test.Search_test@19e4fcac]" started-at="2026-01-22T17:13:23 IST" name="perform" finished-at="2026-01-22T17:13:23 IST" duration-ms="370" status="PASS">
          <reporter-output>
          </reporter-output>
        </test-method> <!-- perform -->
      </class> <!-- test.Search_test -->
      <class name="test.Topdeal_Test">
        <test-method is-config="true" signature="setup(java.lang.String)[pri:0, instance:test.Topdeal_Test@4b79ac84]" started-at="2026-01-22T17:13:49 IST" name="setup" finished-at="2026-01-22T17:13:51 IST" duration-ms="1051" status="PASS">
          <params>
            <param index="0">
              <value>
                <![CDATA[edge]]>
              </value>
            </param>
          </params>
          <reporter-output>
          </reporter-output>
        </test-method> <!-- setup -->
        <test-method signature="check()[pri:0, instance:test.Topdeal_Test@4b79ac84]" started-at="2026-01-22T17:13:51 IST" name="check" finished-at="2026-01-22T17:13:56 IST" duration-ms="5359" status="PASS">
          <reporter-output>
          </reporter-output>
        </test-method> <!-- check -->
      </class> <!-- test.Topdeal_Test -->
      <class name="test.Landipage_test">
        <test-method is-config="true" signature="setup(java.lang.String)[pri:0, instance:test.Landipage_test@52c3cb31]" started-at="2026-01-22T17:13:23 IST" name="setup" finished-at="2026-01-22T17:13:26 IST" duration-ms="2726" status="PASS">
          <params>
            <param index="0">
              <value>
                <![CDATA[edge]]>
              </value>
            </param>
          </params>
          <reporter-output>
          </reporter-output>
        </test-method> <!-- setup -->
        <test-method signature="perform()[pri:0, instance:test.Landipage_test@52c3cb31]" started-at="2026-01-22T17:13:26 IST" name="perform" finished-at="2026-01-22T17:13:49 IST" duration-ms="23779" status="PASS">
          <reporter-output>
          </reporter-output>
        </test-method> <!-- perform -->
      </class> <!-- test.Landipage_test -->
    </test> <!-- Test1 -->
    <test started-at="2026-01-22T17:13:19 IST" name="Test" finished-at="2026-01-22T17:13:59 IST" duration-ms="39679">
      <class name="test.Search_test">
        <test-method is-config="true" signature="setup(java.lang.String)[pri:0, instance:test.Search_test@78641d23]" started-at="2026-01-22T17:13:19 IST" name="setup" finished-at="2026-01-22T17:13:24 IST" duration-ms="4808" status="PASS">
          <params>
            <param index="0">
              <value>
                <![CDATA[chrome]]>
              </value>
            </param>
          </params>
          <reporter-output>
          </reporter-output>
        </test-method> <!-- setup -->
        <test-method signature="perform()[pri:0, instance:test.Search_test@78641d23]" started-at="2026-01-22T17:13:24 IST" name="perform" finished-at="2026-01-22T17:13:24 IST" duration-ms="349" status="PASS">
          <reporter-output>
          </reporter-output>
        </test-method> <!-- perform -->
      </class> <!-- test.Search_test -->
      <class name="test.Topdeal_Test">
        <test-method is-config="true" signature="setup(java.lang.String)[pri:0, instance:test.Topdeal_Test@3fed2870]" started-at="2026-01-22T17:13:50 IST" name="setup" finished-at="2026-01-22T17:13:54 IST" duration-ms="3900" status="PASS">
          <params>
            <param index="0">
              <value>
                <![CDATA[chrome]]>
              </value>
            </param>
          </params>
          <reporter-output>
          </reporter-output>
        </test-method> <!-- setup -->
        <test-method signature="check()[pri:0, instance:test.Topdeal_Test@3fed2870]" started-at="2026-01-22T17:13:54 IST" name="check" finished-at="2026-01-22T17:13:59 IST" duration-ms="4534" status="PASS">
          <reporter-output>
          </reporter-output>
        </test-method> <!-- check -->
      </class> <!-- test.Topdeal_Test -->
      <class name="test.Landipage_test">
        <test-method is-config="true" signature="setup(java.lang.String)[pri:0, instance:test.Landipage_test@54e7df6a]" started-at="2026-01-22T17:13:24 IST" name="setup" finished-at="2026-01-22T17:13:28 IST" duration-ms="3968" status="PASS">
          <params>
            <param index="0">
              <value>
                <![CDATA[chrome]]>
              </value>
            </param>
          </params>
          <reporter-output>
          </reporter-output>
        </test-method> <!-- setup -->
        <test-method signature="perform()[pri:0, instance:test.Landipage_test@54e7df6a]" started-at="2026-01-22T17:13:28 IST" name="perform" finished-at="2026-01-22T17:13:50 IST" duration-ms="22048" status="PASS">
          <reporter-output>
          </reporter-output>
        </test-method> <!-- perform -->
      </class> <!-- test.Landipage_test -->
    </test> <!-- Test -->
  </suite> <!-- Suite -->
</testng-results>
